This is pdfTeX, Version 3.14159265-2.6-1.40.20 (TeX Live 2019/Debian) (preloaded format=pdflatex 2025.1.4)  7 JAN 2025 21:38
entering extended mode
 restricted \write18 enabled.
 %&-line parsing enabled.
**main
(./main.tex
LaTeX2e <2020-02-02> patch level 2
L3 programming layer <2020-02-14>
(/usr/share/texlive/texmf-dist/tex/latex/base/article.cls
Document Class: article 2019/12/20 v1.4l Standard LaTeX document class
(/usr/share/texlive/texmf-dist/tex/latex/base/size12.clo
File: size12.clo 2019/12/20 v1.4l Standard LaTeX file (size option)
)
\c@part=\count167
\c@section=\count168
\c@subsection=\count169
\c@subsubsection=\count170
\c@paragraph=\count171
\c@subparagraph=\count172
\c@figure=\count173
\c@table=\count174
\abovecaptionskip=\skip47
\belowcaptionskip=\skip48
\bibindent=\dimen134
)
(/usr/share/texlive/texmf-dist/tex/latex/geometry/geometry.sty
Package: geometry 2020/01/02 v5.9 Page Geometry

(/usr/share/texlive/texmf-dist/tex/latex/graphics/keyval.sty
Package: keyval 2014/10/28 v1.15 key=value parser (DPC)
\KV@toks@=\toks14
)
(/usr/share/texlive/texmf-dist/tex/generic/iftex/ifvtex.sty
Package: ifvtex 2019/10/25 v1.7 ifvtex legacy package. Use iftex instead.

(/usr/share/texlive/texmf-dist/tex/generic/iftex/iftex.sty
Package: iftex 2019/11/07 v1.0c TeX engine tests
))
\Gm@cnth=\count175
\Gm@cntv=\count176
\c@Gm@tempcnt=\count177
\Gm@bindingoffset=\dimen135
\Gm@wd@mp=\dimen136
\Gm@odd@mp=\dimen137
\Gm@even@mp=\dimen138
\Gm@layoutwidth=\dimen139
\Gm@layoutheight=\dimen140
\Gm@layouthoffset=\dimen141
\Gm@layoutvoffset=\dimen142
\Gm@dimlist=\toks15
)
(/usr/share/texlive/texmf-dist/tex/latex/fancyhdr/fancyhdr.sty
Package: fancyhdr 2019/01/31 v3.10 Extensive control of page headers and footer
s
\f@nch@headwidth=\skip49
\f@nch@O@elh=\skip50
\f@nch@O@erh=\skip51
\f@nch@O@olh=\skip52
\f@nch@O@orh=\skip53
\f@nch@O@elf=\skip54
\f@nch@O@erf=\skip55
\f@nch@O@olf=\skip56
\f@nch@O@orf=\skip57
)
(/usr/share/texlive/texmf-dist/tex/latex/parskip/parskip.sty
Package: parskip 2020-01-22 v2.0d non-zero parskip adjustments

(/usr/share/texlive/texmf-dist/tex/latex/kvoptions/kvoptions.sty
Package: kvoptions 2019/11/29 v3.13 Key value format for package options (HO)

(/usr/share/texlive/texmf-dist/tex/generic/ltxcmds/ltxcmds.sty
Package: ltxcmds 2019/12/15 v1.24 LaTeX kernel commands for general use (HO)
)
(/usr/share/texlive/texmf-dist/tex/generic/kvsetkeys/kvsetkeys.sty
Package: kvsetkeys 2019/12/15 v1.18 Key value parser (HO)
))
(/usr/share/texlive/texmf-dist/tex/latex/etoolbox/etoolbox.sty
Package: etoolbox 2019/09/21 v2.5h e-TeX tools for LaTeX (JAW)
\etb@tempcnta=\count178
))
(/usr/share/texlive/texmf-dist/tex/latex/mathtools/mathtools.sty
Package: mathtools 2020/01/17 v1.23 mathematical typesetting tools

(/usr/share/texlive/texmf-dist/tex/latex/tools/calc.sty
Package: calc 2017/05/25 v4.3 Infix arithmetic (KKT,FJ)
\calc@Acount=\count179
\calc@Bcount=\count180
\calc@Adimen=\dimen143
\calc@Bdimen=\dimen144
\calc@Askip=\skip58
\calc@Bskip=\skip59
LaTeX Info: Redefining \setlength on input line 80.
LaTeX Info: Redefining \addtolength on input line 81.
\calc@Ccount=\count181
\calc@Cskip=\skip60
)
(/usr/share/texlive/texmf-dist/tex/latex/mathtools/mhsetup.sty
Package: mhsetup 2017/03/31 v1.3 programming setup (MH)
)
(/usr/share/texlive/texmf-dist/tex/latex/amsmath/amsmath.sty
Package: amsmath 2020/01/20 v2.17e AMS math features
\@mathmargin=\skip61

For additional information on amsmath, use the `?' option.
(/usr/share/texlive/texmf-dist/tex/latex/amsmath/amstext.sty
Package: amstext 2000/06/29 v2.01 AMS text

(/usr/share/texlive/texmf-dist/tex/latex/amsmath/amsgen.sty
File: amsgen.sty 1999/11/30 v2.0 generic functions
\@emptytoks=\toks16
\ex@=\dimen145
))
(/usr/share/texlive/texmf-dist/tex/latex/amsmath/amsbsy.sty
Package: amsbsy 1999/11/29 v1.2d Bold Symbols
\pmbraise@=\dimen146
)
(/usr/share/texlive/texmf-dist/tex/latex/amsmath/amsopn.sty
Package: amsopn 2016/03/08 v2.02 operator names
)
\inf@bad=\count182
LaTeX Info: Redefining \frac on input line 227.
\uproot@=\count183
\leftroot@=\count184
LaTeX Info: Redefining \overline on input line 389.
\classnum@=\count185
\DOTSCASE@=\count186
LaTeX Info: Redefining \ldots on input line 486.
LaTeX Info: Redefining \dots on input line 489.
LaTeX Info: Redefining \cdots on input line 610.
\Mathstrutbox@=\box45
\strutbox@=\box46
\big@size=\dimen147
LaTeX Font Info:    Redeclaring font encoding OML on input line 733.
LaTeX Font Info:    Redeclaring font encoding OMS on input line 734.
\macc@depth=\count187
\c@MaxMatrixCols=\count188
\dotsspace@=\muskip16
\c@parentequation=\count189
\dspbrk@lvl=\count190
\tag@help=\toks17
\row@=\count191
\column@=\count192
\maxfields@=\count193
\andhelp@=\toks18
\eqnshift@=\dimen148
\alignsep@=\dimen149
\tagshift@=\dimen150
\tagwidth@=\dimen151
\totwidth@=\dimen152
\lineht@=\dimen153
\@envbody=\toks19
\multlinegap=\skip62
\multlinetaggap=\skip63
\mathdisplay@stack=\toks20
LaTeX Info: Redefining \[ on input line 2859.
LaTeX Info: Redefining \] on input line 2860.
)
LaTeX Info: Thecontrolsequence`\('isalreadyrobust on input line 129.
LaTeX Info: Thecontrolsequence`\)'isalreadyrobust on input line 129.
LaTeX Info: Thecontrolsequence`\['isalreadyrobust on input line 129.
LaTeX Info: Thecontrolsequence`\]'isalreadyrobust on input line 129.
\g_MT_multlinerow_int=\count194
\l_MT_multwidth_dim=\dimen154
\origjot=\skip64
\l_MT_shortvdotswithinadjustabove_dim=\dimen155
\l_MT_shortvdotswithinadjustbelow_dim=\dimen156
\l_MT_above_intertext_sep=\dimen157
\l_MT_below_intertext_sep=\dimen158
\l_MT_above_shortintertext_sep=\dimen159
\l_MT_below_shortintertext_sep=\dimen160
)
(/usr/share/texlive/texmf-dist/tex/latex/siunitx/siunitx.sty
(/usr/share/texlive/texmf-dist/tex/latex/l3kernel/expl3.sty
Package: expl3 2020-02-14 L3 programming layer (loader) 

(/usr/share/texlive/texmf-dist/tex/latex/l3backend/l3backend-pdfmode.def
File: l3backend-pdfmode.def 2020-02-03 L3 backend support: PDF mode
\l__kernel_color_stack_int=\count195
\l__pdf_internal_box=\box47
))
(/usr/share/texlive/texmf-dist/tex/latex/l3packages/xparse/xparse.sty
Package: xparse 2020-02-14 L3 Experimental document command parser
\l__xparse_current_arg_int=\count196
\g__xparse_grabber_int=\count197
\l__xparse_m_args_int=\count198
\l__xparse_v_nesting_int=\count199
)
Package: siunitx 2020/01/15 v2.7u A comprehensive (SI) units package

(/usr/share/texlive/texmf-dist/tex/latex/tools/array.sty
Package: array 2019/08/31 v2.4l Tabular extension package (FMi)
\col@sep=\dimen161
\ar@mcellbox=\box48
\extrarowheight=\dimen162
\NC@list=\toks21
\extratabsurround=\skip65
\backup@length=\skip66
\ar@cellbox=\box49
)
(/usr/share/texlive/texmf-dist/tex/latex/l3packages/l3keys2e/l3keys2e.sty
Package: l3keys2e 2020-02-14 LaTeX2e option processing using LaTeX3 keys
)
\l__siunitx_tmp_box=\box50
\l__siunitx_tmp_dim=\dimen163
\l__siunitx_tmp_int=\count266
\l__siunitx_number_mantissa_length_int=\count267
\l__siunitx_number_uncert_length_int=\count268
\l__siunitx_round_int=\count269
\l__siunitx_process_decimal_int=\count270
\l__siunitx_process_uncertainty_int=\count271
\l__siunitx_process_fixed_int=\count272
\l__siunitx_process_integer_min_int=\count273
\l__siunitx_process_precision_int=\count274
\l__siunitx_group_min_int=\count275
\l__siunitx_angle_marker_box=\box51
\l__siunitx_angle_unit_box=\box52
\l__siunitx_angle_marker_dim=\dimen164
\l__siunitx_angle_unit_dim=\dimen165
\l__siunitx_unit_int=\count276
\l__siunitx_unit_denominator_int=\count277
\l__siunitx_unit_numerator_int=\count278
\l__siunitx_unit_prefix_int=\count279
\l__siunitx_unit_prefix_base_int=\count280
\l__siunitx_unit_prefix_gram_int=\count281
\l__siunitx_number_product_int=\count282
\c__siunitx_one_fill_skip=\skip67
\l__siunitx_table_unit_align_skip=\skip68
\l__siunitx_table_exponent_dim=\dimen166
\l__siunitx_table_integer_dim=\dimen167
\l__siunitx_table_mantissa_dim=\dimen168
\l__siunitx_table_marker_dim=\dimen169
\l__siunitx_table_result_dim=\dimen170
\l__siunitx_table_uncert_dim=\dimen171
\l__siunitx_table_fill_pre_dim=\dimen172
\l__siunitx_table_fill_post_dim=\dimen173
\l__siunitx_table_fill_mid_dim=\dimen174
\l__siunitx_table_pre_box=\box53
\l__siunitx_table_post_box=\box54
\l__siunitx_table_mantissa_box=\box55
\l__siunitx_table_result_box=\box56
\l__siunitx_table_number_align_skip=\skip69
\l__siunitx_table_text_align_skip=\skip70

(/usr/share/texlive/texmf-dist/tex/latex/translator/translator.sty
Package: translator 2019-05-31 v1.12a Easy translation of strings in LaTeX
))
(/usr/share/texlive/texmf-dist/tex/latex/pgf/frontendlayer/tikz.sty
(/usr/share/texlive/texmf-dist/tex/latex/pgf/basiclayer/pgf.sty
(/usr/share/texlive/texmf-dist/tex/latex/pgf/utilities/pgfrcs.sty
(/usr/share/texlive/texmf-dist/tex/generic/pgf/utilities/pgfutil-common.tex
\pgfutil@everybye=\toks22
\pgfutil@tempdima=\dimen175
\pgfutil@tempdimb=\dimen176

(/usr/share/texlive/texmf-dist/tex/generic/pgf/utilities/pgfutil-common-lists.t
ex)) (/usr/share/texlive/texmf-dist/tex/generic/pgf/utilities/pgfutil-latex.def
\pgfutil@abb=\box57
(/usr/share/texlive/texmf-dist/tex/latex/ms/everyshi.sty
Package: everyshi 2001/05/15 v3.00 EveryShipout Package (MS)
))
(/usr/share/texlive/texmf-dist/tex/generic/pgf/utilities/pgfrcs.code.tex
(/usr/share/texlive/texmf-dist/tex/generic/pgf/pgf.revision.tex)
Package: pgfrcs 2020/01/08 v3.1.5b (3.1.5b)
))
Package: pgf 2020/01/08 v3.1.5b (3.1.5b)

(/usr/share/texlive/texmf-dist/tex/latex/pgf/basiclayer/pgfcore.sty
(/usr/share/texlive/texmf-dist/tex/latex/graphics/graphicx.sty
Package: graphicx 2019/11/30 v1.2a Enhanced LaTeX Graphics (DPC,SPQR)

(/usr/share/texlive/texmf-dist/tex/latex/graphics/graphics.sty
Package: graphics 2019/11/30 v1.4a Standard LaTeX Graphics (DPC,SPQR)

(/usr/share/texlive/texmf-dist/tex/latex/graphics/trig.sty
Package: trig 2016/01/03 v1.10 sin cos tan (DPC)
)
(/usr/share/texlive/texmf-dist/tex/latex/graphics-cfg/graphics.cfg
File: graphics.cfg 2016/06/04 v1.11 sample graphics configuration
)
Package graphics Info: Driver file: pdftex.def on input line 105.

(/usr/share/texlive/texmf-dist/tex/latex/graphics-def/pdftex.def
File: pdftex.def 2018/01/08 v1.0l Graphics/color driver for pdftex
))
\Gin@req@height=\dimen177
\Gin@req@width=\dimen178
)
(/usr/share/texlive/texmf-dist/tex/latex/pgf/systemlayer/pgfsys.sty
(/usr/share/texlive/texmf-dist/tex/generic/pgf/systemlayer/pgfsys.code.tex
Package: pgfsys 2020/01/08 v3.1.5b (3.1.5b)

(/usr/share/texlive/texmf-dist/tex/generic/pgf/utilities/pgfkeys.code.tex
\pgfkeys@pathtoks=\toks23
\pgfkeys@temptoks=\toks24

(/usr/share/texlive/texmf-dist/tex/generic/pgf/utilities/pgfkeysfiltered.code.t
ex
\pgfkeys@tmptoks=\toks25
))
\pgf@x=\dimen179
\pgf@y=\dimen180
\pgf@xa=\dimen181
\pgf@ya=\dimen182
\pgf@xb=\dimen183
\pgf@yb=\dimen184
\pgf@xc=\dimen185
\pgf@yc=\dimen186
\pgf@xd=\dimen187
\pgf@yd=\dimen188
\w@pgf@writea=\write3
\r@pgf@reada=\read2
\c@pgf@counta=\count283
\c@pgf@countb=\count284
\c@pgf@countc=\count285
\c@pgf@countd=\count286
\t@pgf@toka=\toks26
\t@pgf@tokb=\toks27
\t@pgf@tokc=\toks28
\pgf@sys@id@count=\count287
 (/usr/share/texlive/texmf-dist/tex/generic/pgf/systemlayer/pgf.cfg
File: pgf.cfg 2020/01/08 v3.1.5b (3.1.5b)
)
Driver file for pgf: pgfsys-pdftex.def

(/usr/share/texlive/texmf-dist/tex/generic/pgf/systemlayer/pgfsys-pdftex.def
File: pgfsys-pdftex.def 2020/01/08 v3.1.5b (3.1.5b)

(/usr/share/texlive/texmf-dist/tex/generic/pgf/systemlayer/pgfsys-common-pdf.de
f
File: pgfsys-common-pdf.def 2020/01/08 v3.1.5b (3.1.5b)
)))
(/usr/share/texlive/texmf-dist/tex/generic/pgf/systemlayer/pgfsyssoftpath.code.
tex
File: pgfsyssoftpath.code.tex 2020/01/08 v3.1.5b (3.1.5b)
\pgfsyssoftpath@smallbuffer@items=\count288
\pgfsyssoftpath@bigbuffer@items=\count289
)
(/usr/share/texlive/texmf-dist/tex/generic/pgf/systemlayer/pgfsysprotocol.code.
tex
File: pgfsysprotocol.code.tex 2020/01/08 v3.1.5b (3.1.5b)
)) (/usr/share/texlive/texmf-dist/tex/latex/xcolor/xcolor.sty
Package: xcolor 2016/05/11 v2.12 LaTeX color extensions (UK)

(/usr/share/texlive/texmf-dist/tex/latex/graphics-cfg/color.cfg
File: color.cfg 2016/01/02 v1.6 sample color configuration
)
Package xcolor Info: Driver file: pdftex.def on input line 225.
Package xcolor Info: Model `cmy' substituted by `cmy0' on input line 1348.
Package xcolor Info: Model `hsb' substituted by `rgb' on input line 1352.
Package xcolor Info: Model `RGB' extended on input line 1364.
Package xcolor Info: Model `HTML' substituted by `rgb' on input line 1366.
Package xcolor Info: Model `Hsb' substituted by `hsb' on input line 1367.
Package xcolor Info: Model `tHsb' substituted by `hsb' on input line 1368.
Package xcolor Info: Model `HSB' substituted by `hsb' on input line 1369.
Package xcolor Info: Model `Gray' substituted by `gray' on input line 1370.
Package xcolor Info: Model `wave' substituted by `hsb' on input line 1371.
)
(/usr/share/texlive/texmf-dist/tex/generic/pgf/basiclayer/pgfcore.code.tex
Package: pgfcore 2020/01/08 v3.1.5b (3.1.5b)

(/usr/share/texlive/texmf-dist/tex/generic/pgf/math/pgfmath.code.tex
(/usr/share/texlive/texmf-dist/tex/generic/pgf/math/pgfmathcalc.code.tex
(/usr/share/texlive/texmf-dist/tex/generic/pgf/math/pgfmathutil.code.tex)
(/usr/share/texlive/texmf-dist/tex/generic/pgf/math/pgfmathparser.code.tex
\pgfmath@dimen=\dimen189
\pgfmath@count=\count290
\pgfmath@box=\box58
\pgfmath@toks=\toks29
\pgfmath@stack@operand=\toks30
\pgfmath@stack@operation=\toks31
)
(/usr/share/texlive/texmf-dist/tex/generic/pgf/math/pgfmathfunctions.code.tex
(/usr/share/texlive/texmf-dist/tex/generic/pgf/math/pgfmathfunctions.basic.code
.tex)
(/usr/share/texlive/texmf-dist/tex/generic/pgf/math/pgfmathfunctions.trigonomet
ric.code.tex)
(/usr/share/texlive/texmf-dist/tex/generic/pgf/math/pgfmathfunctions.random.cod
e.tex)
(/usr/share/texlive/texmf-dist/tex/generic/pgf/math/pgfmathfunctions.comparison
.code.tex)
(/usr/share/texlive/texmf-dist/tex/generic/pgf/math/pgfmathfunctions.base.code.
tex)
(/usr/share/texlive/texmf-dist/tex/generic/pgf/math/pgfmathfunctions.round.code
.tex)
(/usr/share/texlive/texmf-dist/tex/generic/pgf/math/pgfmathfunctions.misc.code.
tex)
(/usr/share/texlive/texmf-dist/tex/generic/pgf/math/pgfmathfunctions.integerari
thmetics.code.tex)))
(/usr/share/texlive/texmf-dist/tex/generic/pgf/math/pgfmathfloat.code.tex
\c@pgfmathroundto@lastzeros=\count291
))
(/usr/share/texlive/texmf-dist/tex/generic/pgf/math/pgfint.code.tex)
(/usr/share/texlive/texmf-dist/tex/generic/pgf/basiclayer/pgfcorepoints.code.te
x
File: pgfcorepoints.code.tex 2020/01/08 v3.1.5b (3.1.5b)
\pgf@picminx=\dimen190
\pgf@picmaxx=\dimen191
\pgf@picminy=\dimen192
\pgf@picmaxy=\dimen193
\pgf@pathminx=\dimen194
\pgf@pathmaxx=\dimen195
\pgf@pathminy=\dimen196
\pgf@pathmaxy=\dimen197
\pgf@xx=\dimen198
\pgf@xy=\dimen199
\pgf@yx=\dimen256
\pgf@yy=\dimen257
\pgf@zx=\dimen258
\pgf@zy=\dimen259
)
(/usr/share/texlive/texmf-dist/tex/generic/pgf/basiclayer/pgfcorepathconstruct.
code.tex
File: pgfcorepathconstruct.code.tex 2020/01/08 v3.1.5b (3.1.5b)
\pgf@path@lastx=\dimen260
\pgf@path@lasty=\dimen261
)
(/usr/share/texlive/texmf-dist/tex/generic/pgf/basiclayer/pgfcorepathusage.code
.tex
File: pgfcorepathusage.code.tex 2020/01/08 v3.1.5b (3.1.5b)
\pgf@shorten@end@additional=\dimen262
\pgf@shorten@start@additional=\dimen263
)
(/usr/share/texlive/texmf-dist/tex/generic/pgf/basiclayer/pgfcorescopes.code.te
x
File: pgfcorescopes.code.tex 2020/01/08 v3.1.5b (3.1.5b)
\pgfpic=\box59
\pgf@hbox=\box60
\pgf@layerbox@main=\box61
\pgf@picture@serial@count=\count292
)
(/usr/share/texlive/texmf-dist/tex/generic/pgf/basiclayer/pgfcoregraphicstate.c
ode.tex
File: pgfcoregraphicstate.code.tex 2020/01/08 v3.1.5b (3.1.5b)
\pgflinewidth=\dimen264
)
(/usr/share/texlive/texmf-dist/tex/generic/pgf/basiclayer/pgfcoretransformation
s.code.tex
File: pgfcoretransformations.code.tex 2020/01/08 v3.1.5b (3.1.5b)
\pgf@pt@x=\dimen265
\pgf@pt@y=\dimen266
\pgf@pt@temp=\dimen267
)
(/usr/share/texlive/texmf-dist/tex/generic/pgf/basiclayer/pgfcorequick.code.tex
File: pgfcorequick.code.tex 2020/01/08 v3.1.5b (3.1.5b)
)
(/usr/share/texlive/texmf-dist/tex/generic/pgf/basiclayer/pgfcoreobjects.code.t
ex
File: pgfcoreobjects.code.tex 2020/01/08 v3.1.5b (3.1.5b)
)
(/usr/share/texlive/texmf-dist/tex/generic/pgf/basiclayer/pgfcorepathprocessing
.code.tex
File: pgfcorepathprocessing.code.tex 2020/01/08 v3.1.5b (3.1.5b)
)
(/usr/share/texlive/texmf-dist/tex/generic/pgf/basiclayer/pgfcorearrows.code.te
x
File: pgfcorearrows.code.tex 2020/01/08 v3.1.5b (3.1.5b)
\pgfarrowsep=\dimen268
)
(/usr/share/texlive/texmf-dist/tex/generic/pgf/basiclayer/pgfcoreshade.code.tex
File: pgfcoreshade.code.tex 2020/01/08 v3.1.5b (3.1.5b)
\pgf@max=\dimen269
\pgf@sys@shading@range@num=\count293
\pgf@shadingcount=\count294
)
(/usr/share/texlive/texmf-dist/tex/generic/pgf/basiclayer/pgfcoreimage.code.tex
File: pgfcoreimage.code.tex 2020/01/08 v3.1.5b (3.1.5b)

(/usr/share/texlive/texmf-dist/tex/generic/pgf/basiclayer/pgfcoreexternal.code.
tex
File: pgfcoreexternal.code.tex 2020/01/08 v3.1.5b (3.1.5b)
\pgfexternal@startupbox=\box62
))
(/usr/share/texlive/texmf-dist/tex/generic/pgf/basiclayer/pgfcorelayers.code.te
x
File: pgfcorelayers.code.tex 2020/01/08 v3.1.5b (3.1.5b)
)
(/usr/share/texlive/texmf-dist/tex/generic/pgf/basiclayer/pgfcoretransparency.c
ode.tex
File: pgfcoretransparency.code.tex 2020/01/08 v3.1.5b (3.1.5b)
)
(/usr/share/texlive/texmf-dist/tex/generic/pgf/basiclayer/pgfcorepatterns.code.
tex
File: pgfcorepatterns.code.tex 2020/01/08 v3.1.5b (3.1.5b)
)
(/usr/share/texlive/texmf-dist/tex/generic/pgf/basiclayer/pgfcorerdf.code.tex
File: pgfcorerdf.code.tex 2020/01/08 v3.1.5b (3.1.5b)
)))
(/usr/share/texlive/texmf-dist/tex/generic/pgf/modules/pgfmoduleshapes.code.tex
File: pgfmoduleshapes.code.tex 2020/01/08 v3.1.5b (3.1.5b)
\pgfnodeparttextbox=\box63
) (/usr/share/texlive/texmf-dist/tex/generic/pgf/modules/pgfmoduleplot.code.tex
File: pgfmoduleplot.code.tex 2020/01/08 v3.1.5b (3.1.5b)
)
(/usr/share/texlive/texmf-dist/tex/latex/pgf/compatibility/pgfcomp-version-0-65
.sty
Package: pgfcomp-version-0-65 2020/01/08 v3.1.5b (3.1.5b)
\pgf@nodesepstart=\dimen270
\pgf@nodesepend=\dimen271
)
(/usr/share/texlive/texmf-dist/tex/latex/pgf/compatibility/pgfcomp-version-1-18
.sty
Package: pgfcomp-version-1-18 2020/01/08 v3.1.5b (3.1.5b)
)) (/usr/share/texlive/texmf-dist/tex/latex/pgf/utilities/pgffor.sty
(/usr/share/texlive/texmf-dist/tex/latex/pgf/utilities/pgfkeys.sty
(/usr/share/texlive/texmf-dist/tex/generic/pgf/utilities/pgfkeys.code.tex))
(/usr/share/texlive/texmf-dist/tex/latex/pgf/math/pgfmath.sty
(/usr/share/texlive/texmf-dist/tex/generic/pgf/math/pgfmath.code.tex))
(/usr/share/texlive/texmf-dist/tex/generic/pgf/utilities/pgffor.code.tex
Package: pgffor 2020/01/08 v3.1.5b (3.1.5b)

(/usr/share/texlive/texmf-dist/tex/generic/pgf/math/pgfmath.code.tex)
\pgffor@iter=\dimen272
\pgffor@skip=\dimen273
\pgffor@stack=\toks32
\pgffor@toks=\toks33
))
(/usr/share/texlive/texmf-dist/tex/generic/pgf/frontendlayer/tikz/tikz.code.tex
Package: tikz 2020/01/08 v3.1.5b (3.1.5b)

(/usr/share/texlive/texmf-dist/tex/generic/pgf/libraries/pgflibraryplothandlers
.code.tex
File: pgflibraryplothandlers.code.tex 2020/01/08 v3.1.5b (3.1.5b)
\pgf@plot@mark@count=\count295
\pgfplotmarksize=\dimen274
)
\tikz@lastx=\dimen275
\tikz@lasty=\dimen276
\tikz@lastxsaved=\dimen277
\tikz@lastysaved=\dimen278
\tikz@lastmovetox=\dimen279
\tikz@lastmovetoy=\dimen280
\tikzleveldistance=\dimen281
\tikzsiblingdistance=\dimen282
\tikz@figbox=\box64
\tikz@figbox@bg=\box65
\tikz@tempbox=\box66
\tikz@tempbox@bg=\box67
\tikztreelevel=\count296
\tikznumberofchildren=\count297
\tikznumberofcurrentchild=\count298
\tikz@fig@count=\count299

(/usr/share/texlive/texmf-dist/tex/generic/pgf/modules/pgfmodulematrix.code.tex
File: pgfmodulematrix.code.tex 2020/01/08 v3.1.5b (3.1.5b)
\pgfmatrixcurrentrow=\count300
\pgfmatrixcurrentcolumn=\count301
\pgf@matrix@numberofcolumns=\count302
)
\tikz@expandcount=\count303

(/usr/share/texlive/texmf-dist/tex/generic/pgf/frontendlayer/tikz/libraries/tik
zlibrarytopaths.code.tex
File: tikzlibrarytopaths.code.tex 2020/01/08 v3.1.5b (3.1.5b)
)))
(/usr/share/texlive/texmf-dist/tex/generic/pgf/frontendlayer/tikz/libraries/tik
zlibrarypositioning.code.tex
File: tikzlibrarypositioning.code.tex 2020/01/08 v3.1.5b (3.1.5b)
)
(/usr/share/texlive/texmf-dist/tex/generic/pgf/frontendlayer/tikz/libraries/tik
zlibrarymath.code.tex
(/usr/share/texlive/texmf-dist/tex/generic/pgf/frontendlayer/tikz/libraries/tik
zlibraryfpu.code.tex
(/usr/share/texlive/texmf-dist/tex/generic/pgf/libraries/pgflibraryfpu.code.tex
))
\tikz@math@for@depth=\count304
\tikz@math@dimen=\dimen283
\tikz@math@toks=\toks34
) (/usr/share/texlive/texmf-dist/tex/latex/preprint/authblk.sty
Package: authblk 2001/02/27 1.3 (PWD)
\affilsep=\skip71
\@affilsep=\skip72
\c@Maxaffil=\count305
\c@authors=\count306
\c@affil=\count307
)
(/usr/share/texlive/texmf-dist/tex/latex/float/float.sty
Package: float 2001/11/08 v1.3d Float enhancements (AL)
\c@float@type=\count308
\float@exts=\toks35
\float@box=\box68
\@float@everytoks=\toks36
\@floatcapt=\box69
)
(/usr/share/texlive/texmf-dist/tex/latex/caption/caption.sty
Package: caption 2020/01/03 v3.4h Customizing captions (AR)

(/usr/share/texlive/texmf-dist/tex/latex/caption/caption3.sty
Package: caption3 2020/01/03 v1.8h caption3 kernel (AR)
Package caption3 Info: TeX engine: e-TeX on input line 61.
\captionmargin=\dimen284
\captionmargin@=\dimen285
\captionwidth=\dimen286
\caption@tempdima=\dimen287
\caption@indent=\dimen288
\caption@parindent=\dimen289
\caption@hangindent=\dimen290
Package caption Info: Standard document class detected.
)
\c@caption@flags=\count309
\c@continuedfloat=\count310
Package caption Info: float package is loaded.
)
(/usr/share/texlive/texmf-dist/tex/latex/caption/subcaption.sty
Package: subcaption 2020/01/22 v1.3d Sub-captions (AR)
\c@subfigure=\count311
\c@subtable=\count312
)
(/usr/share/texlive/texmf-dist/tex/latex/base/fontenc.sty
Package: fontenc 2020/02/11 v2.0o Standard LaTeX package

(/usr/share/texlive/texmf-dist/tex/latex/cyrillic/t2aenc.def
File: t2aenc.def 2005/09/27 v1.0i Cyrillic encoding definition file
Now handling font encoding T2A ...
... processing UTF-8 mapping file for font encoding T2A

(/usr/share/texlive/texmf-dist/tex/latex/base/t2aenc.dfu
File: t2aenc.dfu 2019/11/14 v1.2k UTF-8 support for inputenc
   defining Unicode char U+00A4 (decimal 164)
   defining Unicode char U+00A7 (decimal 167)
   defining Unicode char U+00AB (decimal 171)
   defining Unicode char U+00BB (decimal 187)
   defining Unicode char U+0131 (decimal 305)
   defining Unicode char U+0237 (decimal 567)
   defining Unicode char U+0400 (decimal 1024)
   defining Unicode char U+0401 (decimal 1025)
   defining Unicode char U+0402 (decimal 1026)
   defining Unicode char U+0403 (decimal 1027)
   defining Unicode char U+0404 (decimal 1028)
   defining Unicode char U+0405 (decimal 1029)
   defining Unicode char U+0406 (decimal 1030)
   defining Unicode char U+0407 (decimal 1031)
   defining Unicode char U+0408 (decimal 1032)
   defining Unicode char U+0409 (decimal 1033)
   defining Unicode char U+040A (decimal 1034)
   defining Unicode char U+040B (decimal 1035)
   defining Unicode char U+040C (decimal 1036)
   defining Unicode char U+040D (decimal 1037)
   defining Unicode char U+040E (decimal 1038)
   defining Unicode char U+040F (decimal 1039)
   defining Unicode char U+0410 (decimal 1040)
   defining Unicode char U+0411 (decimal 1041)
   defining Unicode char U+0412 (decimal 1042)
   defining Unicode char U+0413 (decimal 1043)
   defining Unicode char U+0414 (decimal 1044)
   defining Unicode char U+0415 (decimal 1045)
   defining Unicode char U+0416 (decimal 1046)
   defining Unicode char U+0417 (decimal 1047)
   defining Unicode char U+0418 (decimal 1048)
   defining Unicode char U+0419 (decimal 1049)
   defining Unicode char U+041A (decimal 1050)
   defining Unicode char U+041B (decimal 1051)
   defining Unicode char U+041C (decimal 1052)
   defining Unicode char U+041D (decimal 1053)
   defining Unicode char U+041E (decimal 1054)
   defining Unicode char U+041F (decimal 1055)
   defining Unicode char U+0420 (decimal 1056)
   defining Unicode char U+0421 (decimal 1057)
   defining Unicode char U+0422 (decimal 1058)
   defining Unicode char U+0423 (decimal 1059)
   defining Unicode char U+0424 (decimal 1060)
   defining Unicode char U+0425 (decimal 1061)
   defining Unicode char U+0426 (decimal 1062)
   defining Unicode char U+0427 (decimal 1063)
   defining Unicode char U+0428 (decimal 1064)
   defining Unicode char U+0429 (decimal 1065)
   defining Unicode char U+042A (decimal 1066)
   defining Unicode char U+042B (decimal 1067)
   defining Unicode char U+042C (decimal 1068)
   defining Unicode char U+042D (decimal 1069)
   defining Unicode char U+042E (decimal 1070)
   defining Unicode char U+042F (decimal 1071)
   defining Unicode char U+0430 (decimal 1072)
   defining Unicode char U+0431 (decimal 1073)
   defining Unicode char U+0432 (decimal 1074)
   defining Unicode char U+0433 (decimal 1075)
   defining Unicode char U+0434 (decimal 1076)
   defining Unicode char U+0435 (decimal 1077)
   defining Unicode char U+0436 (decimal 1078)
   defining Unicode char U+0437 (decimal 1079)
   defining Unicode char U+0438 (decimal 1080)
   defining Unicode char U+0439 (decimal 1081)
   defining Unicode char U+043A (decimal 1082)
   defining Unicode char U+043B (decimal 1083)
   defining Unicode char U+043C (decimal 1084)
   defining Unicode char U+043D (decimal 1085)
   defining Unicode char U+043E (decimal 1086)
   defining Unicode char U+043F (decimal 1087)
   defining Unicode char U+0440 (decimal 1088)
   defining Unicode char U+0441 (decimal 1089)
   defining Unicode char U+0442 (decimal 1090)
   defining Unicode char U+0443 (decimal 1091)
   defining Unicode char U+0444 (decimal 1092)
   defining Unicode char U+0445 (decimal 1093)
   defining Unicode char U+0446 (decimal 1094)
   defining Unicode char U+0447 (decimal 1095)
   defining Unicode char U+0448 (decimal 1096)
   defining Unicode char U+0449 (decimal 1097)
   defining Unicode char U+044A (decimal 1098)
   defining Unicode char U+044B (decimal 1099)
   defining Unicode char U+044C (decimal 1100)
   defining Unicode char U+044D (decimal 1101)
   defining Unicode char U+044E (decimal 1102)
   defining Unicode char U+044F (decimal 1103)
   defining Unicode char U+0450 (decimal 1104)
   defining Unicode char U+0451 (decimal 1105)
   defining Unicode char U+0452 (decimal 1106)
   defining Unicode char U+0453 (decimal 1107)
   defining Unicode char U+0454 (decimal 1108)
   defining Unicode char U+0455 (decimal 1109)
   defining Unicode char U+0456 (decimal 1110)
   defining Unicode char U+0457 (decimal 1111)
   defining Unicode char U+0458 (decimal 1112)
   defining Unicode char U+0459 (decimal 1113)
   defining Unicode char U+045A (decimal 1114)
   defining Unicode char U+045B (decimal 1115)
   defining Unicode char U+045C (decimal 1116)
   defining Unicode char U+045D (decimal 1117)
   defining Unicode char U+045E (decimal 1118)
   defining Unicode char U+045F (decimal 1119)
   defining Unicode char U+0490 (decimal 1168)
   defining Unicode char U+0491 (decimal 1169)
   defining Unicode char U+0492 (decimal 1170)
   defining Unicode char U+0493 (decimal 1171)
   defining Unicode char U+0496 (decimal 1174)
   defining Unicode char U+0497 (decimal 1175)
   defining Unicode char U+0498 (decimal 1176)
   defining Unicode char U+0499 (decimal 1177)
   defining Unicode char U+049A (decimal 1178)
   defining Unicode char U+049B (decimal 1179)
   defining Unicode char U+049C (decimal 1180)
   defining Unicode char U+049D (decimal 1181)
   defining Unicode char U+04A0 (decimal 1184)
   defining Unicode char U+04A1 (decimal 1185)
   defining Unicode char U+04A2 (decimal 1186)
   defining Unicode char U+04A3 (decimal 1187)
   defining Unicode char U+04A4 (decimal 1188)
   defining Unicode char U+04A5 (decimal 1189)
   defining Unicode char U+04AA (decimal 1194)
   defining Unicode char U+04AB (decimal 1195)
   defining Unicode char U+04AE (decimal 1198)
   defining Unicode char U+04AF (decimal 1199)
   defining Unicode char U+04B0 (decimal 1200)
   defining Unicode char U+04B1 (decimal 1201)
   defining Unicode char U+04B2 (decimal 1202)
   defining Unicode char U+04B3 (decimal 1203)
   defining Unicode char U+04B6 (decimal 1206)
   defining Unicode char U+04B7 (decimal 1207)
   defining Unicode char U+04B8 (decimal 1208)
   defining Unicode char U+04B9 (decimal 1209)
   defining Unicode char U+04BA (decimal 1210)
   defining Unicode char U+04BB (decimal 1211)
   defining Unicode char U+04C0 (decimal 1216)
   defining Unicode char U+04C1 (decimal 1217)
   defining Unicode char U+04C2 (decimal 1218)
   defining Unicode char U+04D0 (decimal 1232)
   defining Unicode char U+04D1 (decimal 1233)
   defining Unicode char U+04D2 (decimal 1234)
   defining Unicode char U+04D3 (decimal 1235)
   defining Unicode char U+04D4 (decimal 1236)
   defining Unicode char U+04D5 (decimal 1237)
   defining Unicode char U+04D6 (decimal 1238)
   defining Unicode char U+04D7 (decimal 1239)
   defining Unicode char U+04D8 (decimal 1240)
   defining Unicode char U+04D9 (decimal 1241)
   defining Unicode char U+04DA (decimal 1242)
   defining Unicode char U+04DB (decimal 1243)
   defining Unicode char U+04DC (decimal 1244)
   defining Unicode char U+04DD (decimal 1245)
   defining Unicode char U+04DE (decimal 1246)
   defining Unicode char U+04DF (decimal 1247)
   defining Unicode char U+04E2 (decimal 1250)
   defining Unicode char U+04E3 (decimal 1251)
   defining Unicode char U+04E4 (decimal 1252)
   defining Unicode char U+04E5 (decimal 1253)
   defining Unicode char U+04E6 (decimal 1254)
   defining Unicode char U+04E7 (decimal 1255)
   defining Unicode char U+04E8 (decimal 1256)
   defining Unicode char U+04E9 (decimal 1257)
   defining Unicode char U+04EC (decimal 1260)
   defining Unicode char U+04ED (decimal 1261)
   defining Unicode char U+04EE (decimal 1262)
   defining Unicode char U+04EF (decimal 1263)
   defining Unicode char U+04F0 (decimal 1264)
   defining Unicode char U+04F1 (decimal 1265)
   defining Unicode char U+04F2 (decimal 1266)
   defining Unicode char U+04F3 (decimal 1267)
   defining Unicode char U+04F4 (decimal 1268)
   defining Unicode char U+04F5 (decimal 1269)
   defining Unicode char U+04F8 (decimal 1272)
   defining Unicode char U+04F9 (decimal 1273)
   defining Unicode char U+200C (decimal 8204)
   defining Unicode char U+2013 (decimal 8211)
   defining Unicode char U+2014 (decimal 8212)
   defining Unicode char U+2018 (decimal 8216)
   defining Unicode char U+2019 (decimal 8217)
   defining Unicode char U+201C (decimal 8220)
   defining Unicode char U+201D (decimal 8221)
   defining Unicode char U+201E (decimal 8222)
   defining Unicode char U+2030 (decimal 8240)
   defining Unicode char U+2031 (decimal 8241)
   defining Unicode char U+2116 (decimal 8470)
   defining Unicode char U+2329 (decimal 9001)
   defining Unicode char U+232A (decimal 9002)
   defining Unicode char U+2423 (decimal 9251)
   defining Unicode char U+27E8 (decimal 10216)
   defining Unicode char U+27E9 (decimal 10217)
   defining Unicode char U+FB00 (decimal 64256)
   defining Unicode char U+FB01 (decimal 64257)
   defining Unicode char U+FB02 (decimal 64258)
   defining Unicode char U+FB03 (decimal 64259)
   defining Unicode char U+FB04 (decimal 64260)
   defining Unicode char U+FB05 (decimal 64261)
   defining Unicode char U+FB06 (decimal 64262)
))
LaTeX Font Info:    Trying to load font information for T2A+cmr on input line 1
12.

(/usr/share/texlive/texmf-dist/tex/latex/cyrillic/t2acmr.fd
File: t2acmr.fd 2001/08/11 v1.0a Computer Modern Cyrillic font definitions
))
(/usr/share/texlive/texmf-dist/tex/generic/babel/babel.sty
Package: babel 2020/02/14 3.40 The Babel package

(/usr/share/texlive/texmf-dist/tex/generic/babel/switch.def
File: switch.def 2020/02/14 3.40 Babel switching mechanism
)
(/usr/share/texlive/texmf-dist/tex/generic/babel-russian/russianb.ldf
Language: russian 2017/08/12 1.3j Russian support for the Babel system

(/usr/share/texlive/texmf-dist/tex/generic/babel/babel.def
File: babel.def 2020/02/14 3.40 Babel common definitions
\babel@savecnt=\count313
\U@D=\dimen291

(/usr/share/texlive/texmf-dist/tex/generic/babel/txtbabel.def)
\bbl@readstream=\read3
\bbl@dirlevel=\count314
)
Package babel Info: Making " an active character on input line 120.
Package babel Info: Default for \cyrdash is provided on input line 157.
))
(/usr/share/texlive/texmf-dist/tex/latex/base/inputenc.sty
Package: inputenc 2018/08/11 v1.3c Input encoding file
\inpenc@prehook=\toks37
\inpenc@posthook=\toks38
)
(/usr/share/texlive/texmf-dist/tex/latex/hyperref/hyperref.sty
Package: hyperref 2020/01/14 v7.00d Hypertext links for LaTeX

(/usr/share/texlive/texmf-dist/tex/latex/pdftexcmds/pdftexcmds.sty
Package: pdftexcmds 2019/11/24 v0.31 Utility functions of pdfTeX for LuaTeX (HO
)

(/usr/share/texlive/texmf-dist/tex/generic/infwarerr/infwarerr.sty
Package: infwarerr 2019/12/03 v1.5 Providing info/warning/error messages (HO)
)
Package pdftexcmds Info: \pdf@primitive is available.
Package pdftexcmds Info: \pdf@ifprimitive is available.
Package pdftexcmds Info: \pdfdraftmode found.
)
(/usr/share/texlive/texmf-dist/tex/generic/kvdefinekeys/kvdefinekeys.sty
Package: kvdefinekeys 2019-12-19 v1.6 Define keys (HO)
)
(/usr/share/texlive/texmf-dist/tex/generic/pdfescape/pdfescape.sty
Package: pdfescape 2019/12/09 v1.15 Implements pdfTeX's escape features (HO)
)
(/usr/share/texlive/texmf-dist/tex/latex/hycolor/hycolor.sty
Package: hycolor 2020-01-27 v1.10 Color options for hyperref/bookmark (HO)
)
(/usr/share/texlive/texmf-dist/tex/latex/letltxmacro/letltxmacro.sty
Package: letltxmacro 2019/12/03 v1.6 Let assignment for LaTeX macros (HO)
)
(/usr/share/texlive/texmf-dist/tex/latex/auxhook/auxhook.sty
Package: auxhook 2019-12-17 v1.6 Hooks for auxiliary files (HO)
)
\@linkdim=\dimen292
\Hy@linkcounter=\count315
\Hy@pagecounter=\count316

(/usr/share/texlive/texmf-dist/tex/latex/hyperref/pd1enc.def
File: pd1enc.def 2020/01/14 v7.00d Hyperref: PDFDocEncoding definition (HO)
Now handling font encoding PD1 ...
... no UTF-8 mapping file for font encoding PD1
)
(/usr/share/texlive/texmf-dist/tex/generic/intcalc/intcalc.sty
Package: intcalc 2019/12/15 v1.3 Expandable calculations with integers (HO)
)
(/usr/share/texlive/texmf-dist/tex/generic/etexcmds/etexcmds.sty
Package: etexcmds 2019/12/15 v1.7 Avoid name clashes with e-TeX commands (HO)
)
\Hy@SavedSpaceFactor=\count317
\pdfmajorversion=\count318
Package hyperref Info: Option `unicode' set `true' on input line 3502.

(/usr/share/texlive/texmf-dist/tex/latex/hyperref/puenc.def
File: puenc.def 2020/01/14 v7.00d Hyperref: PDF Unicode definition (HO)
Now handling font encoding PU ...
... no UTF-8 mapping file for font encoding PU
)
Package hyperref Info: Hyper figures OFF on input line 4547.
Package hyperref Info: Link nesting OFF on input line 4552.
Package hyperref Info: Hyper index ON on input line 4555.
Package hyperref Info: Plain pages OFF on input line 4562.
Package hyperref Info: Backreferencing OFF on input line 4567.
Package hyperref Info: Implicit mode ON; LaTeX internals redefined.
Package hyperref Info: Bookmarks ON on input line 4800.
\c@Hy@tempcnt=\count319

(/usr/share/texlive/texmf-dist/tex/latex/url/url.sty
\Urlmuskip=\muskip17
Package: url 2013/09/16  ver 3.4  Verb mode for urls, etc.
)
LaTeX Info: Redefining \url on input line 5159.
\XeTeXLinkMargin=\dimen293

(/usr/share/texlive/texmf-dist/tex/generic/bitset/bitset.sty
Package: bitset 2019/12/09 v1.3 Handle bit-vector datatype (HO)

(/usr/share/texlive/texmf-dist/tex/generic/bigintcalc/bigintcalc.sty
Package: bigintcalc 2019/12/15 v1.5 Expandable calculations on big integers (HO
)
))
\Fld@menulength=\count320
\Field@Width=\dimen294
\Fld@charsize=\dimen295
Package hyperref Info: Hyper figures OFF on input line 6430.
Package hyperref Info: Link nesting OFF on input line 6435.
Package hyperref Info: Hyper index ON on input line 6438.
Package hyperref Info: backreferencing OFF on input line 6445.
Package hyperref Info: Link coloring OFF on input line 6450.
Package hyperref Info: Link coloring with OCG OFF on input line 6455.
Package hyperref Info: PDF/A mode OFF on input line 6460.
LaTeX Info: Redefining \ref on input line 6500.
LaTeX Info: Redefining \pageref on input line 6504.

(/usr/share/texlive/texmf-dist/tex/generic/atbegshi/atbegshi.sty
Package: atbegshi 2019/12/05 v1.19 At begin shipout hook (HO)
)
\Hy@abspage=\count321
\c@Item=\count322
\c@Hfootnote=\count323
)
Package hyperref Info: Driver (autodetected): hpdftex.

(/usr/share/texlive/texmf-dist/tex/latex/hyperref/hpdftex.def
File: hpdftex.def 2020/01/14 v7.00d Hyperref driver for pdfTeX

(/usr/share/texlive/texmf-dist/tex/latex/atveryend/atveryend.sty
Package: atveryend 2019-12-11 v1.11 Hooks at the very end of document (HO)
)
\Fld@listcount=\count324
\c@bookmark@seq@number=\count325

(/usr/share/texlive/texmf-dist/tex/latex/rerunfilecheck/rerunfilecheck.sty
Package: rerunfilecheck 2019/12/05 v1.9 Rerun checks for auxiliary files (HO)

(/usr/share/texlive/texmf-dist/tex/generic/uniquecounter/uniquecounter.sty
Package: uniquecounter 2019/12/15 v1.4 Provide unlimited unique counter (HO)
)
Package uniquecounter Info: New unique counter `rerunfilecheck' on input line 2
86.
)
\Hy@SectionHShift=\skip73
)
(./main.aux

LaTeX Warning: Label `table:basic-stats-number-likes-comments-author' multiply 
defined.

)
\openout1 = `main.aux'.

LaTeX Font Info:    Checking defaults for OML/cmm/m/it on input line 66.
LaTeX Font Info:    ... okay on input line 66.
LaTeX Font Info:    Checking defaults for OMS/cmsy/m/n on input line 66.
LaTeX Font Info:    ... okay on input line 66.
LaTeX Font Info:    Checking defaults for OT1/cmr/m/n on input line 66.
LaTeX Font Info:    ... okay on input line 66.
LaTeX Font Info:    Checking defaults for T1/cmr/m/n on input line 66.
LaTeX Font Info:    ... okay on input line 66.
LaTeX Font Info:    Checking defaults for TS1/cmr/m/n on input line 66.
LaTeX Font Info:    ... okay on input line 66.
LaTeX Font Info:    Checking defaults for OMX/cmex/m/n on input line 66.
LaTeX Font Info:    ... okay on input line 66.
LaTeX Font Info:    Checking defaults for U/cmr/m/n on input line 66.
LaTeX Font Info:    ... okay on input line 66.
LaTeX Font Info:    Checking defaults for T2A/cmr/m/n on input line 66.
LaTeX Font Info:    ... okay on input line 66.
LaTeX Font Info:    Checking defaults for PD1/pdf/m/n on input line 66.
LaTeX Font Info:    ... okay on input line 66.
LaTeX Font Info:    Checking defaults for PU/pdf/m/n on input line 66.
LaTeX Font Info:    ... okay on input line 66.

*geometry* driver: auto-detecting
*geometry* detected driver: pdftex
*geometry* verbose mode - [ preamble ] result:
* driver: pdftex
* paper: a4paper
* layout: <same size as paper>
* layoutoffset:(h,v)=(0.0pt,0.0pt)
* modes: 
* h-part:(L,W,R)=(42.67912pt, 512.14963pt, 42.67912pt)
* v-part:(T,H,B)=(71.13188pt, 702.78308pt, 71.13188pt)
* \paperwidth=597.50787pt
* \paperheight=845.04684pt
* \textwidth=512.14963pt
* \textheight=702.78308pt
* \oddsidemargin=-29.59087pt
* \evensidemargin=-29.59087pt
* \topmargin=-54.59085pt
* \headheight=28.45274pt
* \headsep=25.0pt
* \topskip=12.0pt
* \footskip=30.0pt
* \marginparwidth=44.0pt
* \marginparsep=10.0pt
* \columnsep=10.0pt
* \skip\footins=10.8pt plus 4.0pt minus 2.0pt
* \hoffset=0.0pt
* \voffset=0.0pt
* \mag=1000
* \@twocolumnfalse
* \@twosidefalse
* \@mparswitchfalse
* \@reversemarginfalse
* (1in=72.27pt=25.4mm, 1cm=28.453pt)


(/usr/share/texlive/texmf-dist/tex/latex/translator/translator-basic-dictionary
-English.dict
Dictionary: translator-basic-dictionary, Language: English 
)
(/usr/share/texlive/texmf-dist/tex/latex/siunitx/siunitx-abbreviations.cfg
File: siunitx-abbreviations.cfg 2017/11/26 v2.7k siunitx: Abbreviated units
)
ABD: EveryShipout initializing macros
(/usr/share/texlive/texmf-dist/tex/context/base/mkii/supp-pdf.mkii
[Loading MPS to PDF converter (version 2006.09.02).]
\scratchcounter=\count326
\scratchdimen=\dimen296
\scratchbox=\box70
\nofMPsegments=\count327
\nofMParguments=\count328
\everyMPshowfont=\toks39
\MPscratchCnt=\count329
\MPscratchDim=\dimen297
\MPnumerator=\count330
\makeMPintoPDFobject=\count331
\everyMPtoPDFconversion=\toks40
) (/usr/share/texlive/texmf-dist/tex/latex/epstopdf-pkg/epstopdf-base.sty
Package: epstopdf-base 2020-01-24 v2.11 Base part for package epstopdf
Package epstopdf-base Info: Redefining graphics rule for `.eps' on input line 4
85.

(/usr/share/texlive/texmf-dist/tex/latex/latexconfig/epstopdf-sys.cfg
File: epstopdf-sys.cfg 2010/07/13 v1.3 Configuration of (r)epstopdf for TeX Liv
e
))
Package caption Info: Begin \AtBeginDocument code.
Package caption Info: hyperref package is loaded.
Package caption Info: End \AtBeginDocument code.
\AtBeginShipoutBox=\box71
Package hyperref Info: Link coloring OFF on input line 66.

(/usr/share/texlive/texmf-dist/tex/latex/hyperref/nameref.sty
Package: nameref 2019/09/16 v2.46 Cross-referencing by name of section

(/usr/share/texlive/texmf-dist/tex/latex/refcount/refcount.sty
Package: refcount 2019/12/15 v3.6 Data extraction from label references (HO)
)
(/usr/share/texlive/texmf-dist/tex/generic/gettitlestring/gettitlestring.sty
Package: gettitlestring 2019/12/15 v1.6 Cleanup title references (HO)
)
\c@section@level=\count332
)
LaTeX Info: Redefining \ref on input line 66.
LaTeX Info: Redefining \pageref on input line 66.
LaTeX Info: Redefining \nameref on input line 66.

(./main.out) (./main.out)
\@outlinefile=\write4
\openout4 = `main.out'.

 (./main.toc)
\tf@toc=\write5
\openout5 = `main.toc'.

 [1

{/var/lib/texmf/fonts/map/pdftex/updmap/pdftex.map}] [2]
Underfull \hbox (badness 3635) in paragraph at lines 150--150
[]|\T2A/cmr/m/n/12 Number of posts with single
 []


Underfull \hbox (badness 10000) in paragraph at lines 153--153
[]|\T2A/cmr/m/n/12 Average number of hashtags
 []


Underfull \hbox (badness 10000) in paragraph at lines 153--153
\T2A/cmr/m/n/12 in one однострочки-post
 []


Underfull \hbox (badness 7433) in paragraph at lines 158--158
[]|\T2A/cmr/m/n/12 Total hashtags (actual, from
 []

[3] [4]
<figures/table-count-likes-488.png, id=137, 489.83pt x 746.79pt>
File: figures/table-count-likes-488.png Graphic file (type png)
<use figures/table-count-likes-488.png>
Package pdftex.def Info: figures/table-count-likes-488.png  used on input line 
187.
(pdftex.def)             Requested size: 256.07481pt x 390.41833pt.
<figures/fig-small-author-take-almost-all-likes.png, id=139, 534.99875pt x 501.
875pt>
File: figures/fig-small-author-take-almost-all-likes.png Graphic file (type png
)
<use figures/fig-small-author-take-almost-all-likes.png>
Package pdftex.def Info: figures/fig-small-author-take-almost-all-likes.png  us
ed on input line 218.
(pdftex.def)             Requested size: 256.07481pt x 240.231pt.
 [5 <./figures/table-count-likes-488.png>]
<figures/fig-gini-calculation.pdf, id=149, 527.9725pt x 378.41376pt>
File: figures/fig-gini-calculation.pdf Graphic file (type pdf)
<use figures/fig-gini-calculation.pdf>
Package pdftex.def Info: figures/fig-gini-calculation.pdf  used on input line 2
27.
(pdftex.def)             Requested size: 409.72125pt x 293.66026pt.
 [6 <./figures/fig-small-author-take-almost-all-likes.png>] [7 <./figures/fig-g
ini-calculation.pdf>]
<figures/table-count-comments-818.png, id=183, 821.0675pt x 745.78625pt>
File: figures/table-count-comments-818.png Graphic file (type png)
<use figures/table-count-comments-818.png>
Package pdftex.def Info: figures/table-count-comments-818.png  used on input li
ne 265.
(pdftex.def)             Requested size: 358.50317pt x 325.63203pt.
<figures/fig-proportion-of-posts-or-comments-with-certain-likes.pdf, id=185, 66
4.4825pt x 355.3275pt>
File: figures/fig-proportion-of-posts-or-comments-with-certain-likes.pdf Graphi
c file (type pdf)
<use figures/fig-proportion-of-posts-or-comments-with-certain-likes.pdf>
Package pdftex.def Info: figures/fig-proportion-of-posts-or-comments-with-certa
in-likes.pdf  used on input line 272.
(pdftex.def)             Requested size: 512.14963pt x 273.88493pt.
 [8 <./figures/table-count-comments-818.png>]
<figures/fig-proportion-of-comments-by-likes.pdf, id=194, 586.19pt x 372.39125p
t>
File: figures/fig-proportion-of-comments-by-likes.pdf Graphic file (type pdf)
<use figures/fig-proportion-of-comments-by-likes.pdf>
Package pdftex.def Info: figures/fig-proportion-of-comments-by-likes.pdf  used 
on input line 282.
(pdftex.def)             Requested size: 250.95612pt x 159.42052pt.
<figures/fig-proportion-of-posts-by-likes.pdf, id=195, 586.19pt x 372.39125pt>
File: figures/fig-proportion-of-posts-by-likes.pdf Graphic file (type pdf)
<use figures/fig-proportion-of-posts-by-likes.pdf>
Package pdftex.def Info: figures/fig-proportion-of-posts-by-likes.pdf  used on 
input line 288.
(pdftex.def)             Requested size: 250.95612pt x 159.42052pt.
<figures/table-density.png, id=199, 891.33pt x 707.64375pt>
File: figures/table-density.png Graphic file (type png)
<use figures/table-density.png>
Package pdftex.def Info: figures/table-density.png  used on input line 302.
(pdftex.def)             Requested size: 384.11221pt x 304.95035pt.
 [9 <./figures/fig-proportion-of-posts-or-comments-with-certain-likes.pdf> <./f
igures/fig-proportion-of-comments-by-likes.pdf

pdfTeX warning: pdflatex (file ./figures/fig-proportion-of-comments-by-likes.pd
f): PDF inclusion: multiple pdfs with page group included in a single page
> <./figures/fig-proportion-of-posts-by-likes.pdf

pdfTeX warning: pdflatex (file ./figures/fig-proportion-of-posts-by-likes.pdf):
 PDF inclusion: multiple pdfs with page group included in a single page
>]
<figures/fig-count-likes-comments-author-points.pdf, id=230, 602.25pt x 660.467
5pt>
File: figures/fig-count-likes-comments-author-points.pdf Graphic file (type pdf
)
<use figures/fig-count-likes-comments-author-points.pdf>
Package pdftex.def Info: figures/fig-count-likes-comments-author-points.pdf  us
ed on input line 309.
(pdftex.def)             Requested size: 358.50317pt x 393.16948pt.
 [10 <./figures/table-density.png>]
<figures/fig-likes-vs-comments-divided-into-zones.png, id=239, 867.24pt x 605.2
6125pt>
File: figures/fig-likes-vs-comments-divided-into-zones.png Graphic file (type p
ng)
<use figures/fig-likes-vs-comments-divided-into-zones.png>
Package pdftex.def Info: figures/fig-likes-vs-comments-divided-into-zones.png  
used on input line 319.
(pdftex.def)             Requested size: 460.93153pt x 321.692pt.
 [11 <./figures/fig-count-likes-comments-author-points.pdf>]
<figures/table-reverse-density.png, id=254, 894.34125pt x 645.41125pt>
File: figures/table-reverse-density.png Graphic file (type png)
<use figures/table-reverse-density.png>
Package pdftex.def Info: figures/table-reverse-density.png  used on input line 
335.
(pdftex.def)             Requested size: 384.11221pt x 277.20628pt.
 [12 <./figures/fig-likes-vs-comments-divided-into-zones.png (PNG copy)>]
<figures/fig-density-vs-count-comments.pdf, id=264, 648.4225pt x 372.39125pt>
File: figures/fig-density-vs-count-comments.pdf Graphic file (type pdf)
<use figures/fig-density-vs-count-comments.pdf>
Package pdftex.def Info: figures/fig-density-vs-count-comments.pdf  used on inp
ut line 344.
(pdftex.def)             Requested size: 512.14963pt x 294.14609pt.
 [13 <./figures/table-reverse-density.png>]
<figures/table-female.png, id=275, 797.98125pt x 451.6875pt>
File: figures/table-female.png Graphic file (type png)
<use figures/table-female.png>
Package pdftex.def Info: figures/table-female.png  used on input line 356.
(pdftex.def)             Requested size: 358.50317pt x 202.92667pt.
<figures/table-hindex.png, id=276, 1012.78375pt x 708.6475pt>
File: figures/table-hindex.png Graphic file (type png)
<use figures/table-hindex.png>
Package pdftex.def Info: figures/table-hindex.png  used on input line 364.
(pdftex.def)             Requested size: 460.93153pt x 322.51082pt.
 [14 <./figures/fig-density-vs-count-comments.pdf> <./figures/table-female.png>
] [15 <./figures/table-hindex.png>]
<figures/fig-authors-summary-pic.png, id=303, 1430.34375pt x 1076.02pt>
File: figures/fig-authors-summary-pic.png Graphic file (type png)
<use figures/fig-authors-summary-pic.png>
Package pdftex.def Info: figures/fig-authors-summary-pic.png  used on input lin
e 373.
(pdftex.def)             Requested size: 512.14963pt x 385.28174pt.
 [16 <./figures/fig-authors-summary-pic.png (PNG copy)>]
<figures/fig-old-count-post-time.jpg, id=309, 1224.575pt x 716.6775pt>
File: figures/fig-old-count-post-time.jpg Graphic file (type jpg)
<use figures/fig-old-count-post-time.jpg>
Package pdftex.def Info: figures/fig-old-count-post-time.jpg  used on input lin
e 383.
(pdftex.def)             Requested size: 409.72125pt x 239.78499pt.
<figures/fig-post-n-vs-time.pdf, id=313, 918.43124pt x 457.71pt>
File: figures/fig-post-n-vs-time.pdf Graphic file (type pdf)
<use figures/fig-post-n-vs-time.pdf>
Package pdftex.def Info: figures/fig-post-n-vs-time.pdf  used on input line 391
.
(pdftex.def)             Requested size: 512.14963pt x 255.24728pt.
 [17 <./figures/fig-old-count-post-time.jpg> <./figures/fig-post-n-vs-time.pdf>
]
<figures/fig-post-n-vs-time-joke.pdf, id=381, 918.43124pt x 457.71pt>
File: figures/fig-post-n-vs-time-joke.pdf Graphic file (type pdf)
<use figures/fig-post-n-vs-time-joke.pdf>
Package pdftex.def Info: figures/fig-post-n-vs-time-joke.pdf  used on input lin
e 418.
(pdftex.def)             Requested size: 512.14963pt x 255.24728pt.
 [18]
<figures/fig-likes-mega-likes-vs-post-n.pdf, id=397, 798.985pt x 391.4625pt>
File: figures/fig-likes-mega-likes-vs-post-n.pdf Graphic file (type pdf)
<use figures/fig-likes-mega-likes-vs-post-n.pdf>
Package pdftex.def Info: figures/fig-likes-mega-likes-vs-post-n.pdf  used on in
put line 426.
(pdftex.def)             Requested size: 512.14963pt x 250.94131pt.
<figures/fig-likes-vs-post-moving-average.pdf, id=398, 798.985pt x 372.39125pt>

File: figures/fig-likes-vs-post-moving-average.pdf Graphic file (type pdf)
<use figures/fig-likes-vs-post-moving-average.pdf>
Package pdftex.def Info: figures/fig-likes-vs-post-moving-average.pdf  used on 
input line 433.
(pdftex.def)             Requested size: 512.14963pt x 238.71597pt.

[19 <./figures/fig-post-n-vs-time-joke.pdf> <./figures/fig-likes-mega-likes-vs-
post-n.pdf

pdfTeX warning: pdflatex (file ./figures/fig-likes-mega-likes-vs-post-n.pdf): P
DF inclusion: multiple pdfs with page group included in a single page
>]
<figures/fig-poll-for-okli-removal.png, id=467, 668.4975pt x 550.055pt>
File: figures/fig-poll-for-okli-removal.png Graphic file (type png)
<use figures/fig-poll-for-okli-removal.png>
Package pdftex.def Info: figures/fig-poll-for-okli-removal.png  used on input l
ine 442.
(pdftex.def)             Requested size: 358.50317pt x 294.99413pt.
 [20 <./figures/fig-likes-vs-post-moving-average.pdf> <./figures/fig-poll-for-o
kli-removal.png>]
<figures/fig-example-of-stats-vk.png, id=506, 998.73125pt x 436.63126pt>
File: figures/fig-example-of-stats-vk.png Graphic file (type png)
<use figures/fig-example-of-stats-vk.png>
Package pdftex.def Info: figures/fig-example-of-stats-vk.png  used on input lin
e 451.
(pdftex.def)             Requested size: 512.14963pt x 223.91154pt.
 [21 <./figures/fig-example-of-stats-vk.png>]
<figures/fig-top-posts-10.png, id=515, 568.1225pt x 419.5675pt>
File: figures/fig-top-posts-10.png Graphic file (type png)
<use figures/fig-top-posts-10.png>
Package pdftex.def Info: figures/fig-top-posts-10.png  used on input line 468.
(pdftex.def)             Requested size: 460.93153pt x 340.41759pt.
 [22 <./figures/fig-top-posts-10.png>]
<figures/fig-top-posts-9.png, id=522, 573.14125pt x 739.76375pt>
File: figures/fig-top-posts-9.png Graphic file (type png)
<use figures/fig-top-posts-9.png>
Package pdftex.def Info: figures/fig-top-posts-9.png  used on input line 478.
(pdftex.def)             Requested size: 460.93153pt x 594.93854pt.
 [23 <./figures/fig-top-posts-9.png>]
<figures/fig-top-posts-8.png, id=529, 564.1075pt x 161.60374pt>
File: figures/fig-top-posts-8.png Graphic file (type png)
<use figures/fig-top-posts-8.png>
Package pdftex.def Info: figures/fig-top-posts-8.png  used on input line 488.
(pdftex.def)             Requested size: 460.93153pt x 132.04741pt.
<figures/fig-top-posts-7.png, id=530, 567.11874pt x 153.57375pt>
File: figures/fig-top-posts-7.png Graphic file (type png)
<use figures/fig-top-posts-7.png>
Package pdftex.def Info: figures/fig-top-posts-7.png  used on input line 495.
(pdftex.def)             Requested size: 460.93153pt x 124.82288pt.
 [24 <./figures/fig-top-posts-8.png> <./figures/fig-top-posts-7.png>]
<figures/fig-top-posts-6.png, id=539, 575.14874pt x 726.715pt>
File: figures/fig-top-posts-6.png Graphic file (type png)
<use figures/fig-top-posts-6.png>
Package pdftex.def Info: figures/fig-top-posts-6.png  used on input line 505.
(pdftex.def)             Requested size: 460.93153pt x 582.41512pt.
 [25 <./figures/fig-top-posts-6.png>]
<figures/fig-top-posts-5.png, id=547, 566.115pt x 445.665pt>
File: figures/fig-top-posts-5.png Graphic file (type png)
<use figures/fig-top-posts-5.png>
Package pdftex.def Info: figures/fig-top-posts-5.png  used on input line 515.
(pdftex.def)             Requested size: 460.93153pt x 362.87035pt.
 [26 <./figures/fig-top-posts-5.png>]
<figures/fig-top-posts-4.png, id=554, 566.115pt x 283.0575pt>
File: figures/fig-top-posts-4.png Graphic file (type png)
<use figures/fig-top-posts-4.png>
Package pdftex.def Info: figures/fig-top-posts-4.png  used on input line 525.
(pdftex.def)             Requested size: 460.93153pt x 230.4717pt.
 [27 <./figures/fig-top-posts-4.png>]
<figures/fig-top-posts-3.png, id=561, 562.1pt x 534.99875pt>
File: figures/fig-top-posts-3.png Graphic file (type png)
<use figures/fig-top-posts-3.png>
Package pdftex.def Info: figures/fig-top-posts-3.png  used on input line 535.
(pdftex.def)             Requested size: 460.93153pt x 438.70998pt.
 [28 <./figures/fig-top-posts-3.png>]
<figures/fig-top-posts-2.png, id=568, 561.09625pt x 560.0925pt>
File: figures/fig-top-posts-2.png Graphic file (type png)
<use figures/fig-top-posts-2.png>
Package pdftex.def Info: figures/fig-top-posts-2.png  used on input line 545.
(pdftex.def)             Requested size: 460.93153pt x 460.1078pt.
 [29 <./figures/fig-top-posts-2.png>]
<figures/fig-top-posts-1.png, id=575, 573.14125pt x 695.59875pt>
File: figures/fig-top-posts-1.png Graphic file (type png)
<use figures/fig-top-posts-1.png>
Package pdftex.def Info: figures/fig-top-posts-1.png  used on input line 555.
(pdftex.def)             Requested size: 460.93153pt x 559.41983pt.

[30 <./figures/fig-top-posts-1.png>] [31] (./main.bbl
LaTeX Font Info:    Trying to load font information for T2A+cmtt on input line 
5.

(/usr/share/texlive/texmf-dist/tex/latex/cyrillic/t2acmtt.fd
File: t2acmtt.fd 2001/08/11 v1.0a Computer Modern Cyrillic font definitions
)
Underfull \hbox (badness 10000) in paragraph at lines 8--11
[]\T2A/cmr/m/n/12 Gogle sheet main.  []$\T2A/cmtt/m/n/12 https : / / docs . goo
gle . com / spreadsheets / d /
 []


Underfull \hbox (badness 7869) in paragraph at lines 13--16
[]\T2A/cmr/m/n/12 scrape.py.  []$\T2A/cmtt/m/n/12 https : / / drive . google . 
com / file / d / 1x _ XWGbxKHCPxmJo7 _ cfyQRLmpgFyUDie /
 []


Underfull \hbox (badness 3019) in paragraph at lines 18--21
[]\T2A/cmr/m/n/12 Table and graph of density distribution.  []$\T2A/cmtt/m/n/12
 https : / / docs . google . com / spreadsheets /
 []


Underfull \hbox (badness 10000) in paragraph at lines 18--21
\T2A/cmtt/m/n/12 d / 1m4j6RICIfq6DIdJ1OtQPb95STsEhHjRoEMEKSS9QAVE / edit ? gid 
= 1492772175 # gid =
 []


Underfull \hbox (badness 10000) in paragraph at lines 23--26
[]\T2A/cmr/m/n/12 Table calculation of gini coefficient.  []$\T2A/cmtt/m/n/12 h
ttps : / / docs . google . com / spreadsheets /
 []


Underfull \hbox (badness 10000) in paragraph at lines 23--26
\T2A/cmtt/m/n/12 d / 1m4j6RICIfq6DIdJ1OtQPb95STsEhHjRoEMEKSS9QAVE / edit ? gid 
= 1472074717 # gid =
 []


Underfull \hbox (badness 10000) in paragraph at lines 28--31
[]\T2A/cmr/m/n/12 Table count of comments.  []$\T2A/cmtt/m/n/12 https : / / doc
s . google . com / spreadsheets / d /
 []


Underfull \hbox (badness 10000) in paragraph at lines 28--31
\T2A/cmtt/m/n/12 1m4j6RICIfq6DIdJ1OtQPb95STsEhHjRoEMEKSS9QAVE / edit ? gid = 18
21382722 # gid =
 []


Underfull \hbox (badness 7486) in paragraph at lines 33--36
[]\T2A/cmr/m/n/12 Table count of likes of top authors.  []$\T2A/cmtt/m/n/12 htt
ps : / / docs . google . com / spreadsheets /
 []


Underfull \hbox (badness 10000) in paragraph at lines 33--36
\T2A/cmtt/m/n/12 d / 1m4j6RICIfq6DIdJ1OtQPb95STsEhHjRoEMEKSS9QAVE / edit ? gid 
= 1373352226 # gid =
 []


Underfull \hbox (badness 10000) in paragraph at lines 38--41
[]\T2A/cmr/m/n/12 Table density.  []$\T2A/cmtt/m/n/12 https : / / docs . google
 . com / spreadsheets / d /
 []


Underfull \hbox (badness 10000) in paragraph at lines 43--46
[]\T2A/cmr/m/n/12 Table of posts vs time.  []$\T2A/cmtt/m/n/12 https : / / docs
 . google . com / spreadsheets / d /
 []


Underfull \hbox (badness 10000) in paragraph at lines 53--56
\T2A/cmtt/m/n/12 %D0 % 9A % D0 % BE % D1 % 8D % D1 % 84 % D1 % 84 % D0 % B8 % D
1 % 86 % D0 % B8 % D0 % B5 % D0 % BD % D1 % 82 _ %D0 % 94 % D0 %
 []

) [32]
Package atveryend Info: Empty hook `BeforeClearDocument' on input line 580.
Package atveryend Info: Empty hook `AfterLastShipout' on input line 580.
 (./main.aux)
Package atveryend Info: Executing hook `AtVeryEndDocument' on input line 580.
Package atveryend Info: Executing hook `AtEndAfterFileList' on input line 580.
Package rerunfilecheck Info: File `main.out' has not changed.
(rerunfilecheck)             Checksum: 083E4EF1D5C7E2989361C9412B6BF189;2438.


LaTeX Warning: There were multiply-defined labels.

 ) 
Here is how much of TeX's memory you used:
 27149 strings out of 481239
 514658 string characters out of 5920378
 737528 words of memory out of 5000000
 41829 multiletter control sequences out of 15000+600000
 550999 words of font info for 70 fonts, out of 8000000 for 9000
 1141 hyphenation exceptions out of 8191
 60i,15n,68p,940b,789s stack positions out of 5000i,500n,10000p,200000b,80000s
{/usr/share/texmf/fonts/enc/dvips/cm-super/cm-super-t2a.enc}{/usr/share/texmf
/fonts/enc/dvips/cm-super/cm-super-ts1.enc}</usr/share/texlive/texmf-dist/fonts
/type1/public/amsfonts/cm/cmmi12.pfb></usr/share/texlive/texmf-dist/fonts/type1
/public/amsfonts/cm/cmr12.pfb></usr/share/texlive/texmf-dist/fonts/type1/public
/amsfonts/cm/cmsy10.pfb></usr/share/texmf/fonts/type1/public/cm-super/sfbx1095.
pfb></usr/share/texmf/fonts/type1/public/cm-super/sfbx1200.pfb></usr/share/texm
f/fonts/type1/public/cm-super/sfbx1440.pfb></usr/share/texmf/fonts/type1/public
/cm-super/sfbx1728.pfb></usr/share/texmf/fonts/type1/public/cm-super/sfrm1000.p
fb></usr/share/texmf/fonts/type1/public/cm-super/sfrm1095.pfb></usr/share/texmf
/fonts/type1/public/cm-super/sfrm1200.pfb></usr/share/texmf/fonts/type1/public/
cm-super/sfrm1440.pfb></usr/share/texmf/fonts/type1/public/cm-super/sfrm2074.pf
b></usr/share/texmf/fonts/type1/public/cm-super/sftt1200.pfb>
Output written on main.pdf (32 pages, 6806491 bytes).
PDF statistics:
 705 PDF objects out of 1000 (max. 8388607)
 523 compressed objects within 6 object streams
 136 named destinations out of 1000 (max. 500000)
 285 words of extra memory for PDF output out of 10000 (max. 10000000)

